This is pdfTeX, Version 3.14159265-2.6-1.40.20 (MiKTeX 2.9.7050 64-bit) (preloaded format=pdflatex 2019.6.19)  15 AUG 2019 11:54
entering extended mode
**./VergleichVonFeuchtesensorenVersion3.tex
(VergleichVonFeuchtesensorenVersion3.tex
LaTeX2e <2018-12-01>
(llncs.cls
Document Class: llncs 2018/03/10 v2.20 
 LaTeX document class for Lecture Notes in Computer Science
("C:\Users\ilia0\AppData\Local\Programs\MiKTeX 2.9\tex/latex/base\article.cls"
Document Class: article 2018/09/03 v1.4i Standard LaTeX document class
("C:\Users\ilia0\AppData\Local\Programs\MiKTeX 2.9\tex/latex/base\size10.clo"
File: size10.clo 2018/09/03 v1.4i Standard LaTeX file (size option)
)
\c@part=\count80
\c@section=\count81
\c@subsection=\count82
\c@subsubsection=\count83
\c@paragraph=\count84
\c@subparagraph=\count85
\c@figure=\count86
\c@table=\count87
\abovecaptionskip=\skip41
\belowcaptionskip=\skip42
\bibindent=\dimen102
) ("C:\Users\ilia0\AppData\Local\Programs\MiKTeX 2.9\tex/latex/tools\multicol.s
ty"
Package: multicol 2018/12/27 v1.8v multicolumn formatting (FMi)
\c@tracingmulticols=\count88
\mult@box=\box27
\multicol@leftmargin=\dimen103
\c@unbalance=\count89
\c@collectmore=\count90
\doublecol@number=\count91
\multicoltolerance=\count92
\multicolpretolerance=\count93
\full@width=\dimen104
\page@free=\dimen105
\premulticols=\dimen106
\postmulticols=\dimen107
\multicolsep=\skip43
\multicolbaselineskip=\skip44
\partial@page=\box28
\last@line=\box29
\maxbalancingoverflow=\dimen108
\mult@rightbox=\box30
\mult@grightbox=\box31
\mult@gfirstbox=\box32
\mult@firstbox=\box33
\@tempa=\box34
\@tempa=\box35
\@tempa=\box36
\@tempa=\box37
\@tempa=\box38
\@tempa=\box39
\@tempa=\box40
\@tempa=\box41
\@tempa=\box42
\@tempa=\box43
\@tempa=\box44
\@tempa=\box45
\@tempa=\box46
\@tempa=\box47
\@tempa=\box48
\@tempa=\box49
\@tempa=\box50
\c@columnbadness=\count94
\c@finalcolumnbadness=\count95
\last@try=\dimen109
\multicolovershoot=\dimen110
\multicolundershoot=\dimen111
\mult@nat@firstbox=\box51
\colbreak@box=\box52
\mc@col@check@num=\count96
)
("C:\Users\ilia0\AppData\Local\Programs\MiKTeX 2.9\tex/latex/oberdiek\aliascnt.
sty"
Package: aliascnt 2018/09/07 v1.5 Alias counters (HO)
)
\c@chapter=\count97
LaTeX Font Info:    Redeclaring math symbol \Gamma on input line 362.
LaTeX Font Info:    Redeclaring math symbol \Delta on input line 363.
LaTeX Font Info:    Redeclaring math symbol \Theta on input line 364.
LaTeX Font Info:    Redeclaring math symbol \Lambda on input line 365.
LaTeX Font Info:    Redeclaring math symbol \Xi on input line 366.
LaTeX Font Info:    Redeclaring math symbol \Pi on input line 367.
LaTeX Font Info:    Redeclaring math symbol \Sigma on input line 368.
LaTeX Font Info:    Redeclaring math symbol \Upsilon on input line 369.
LaTeX Font Info:    Redeclaring math symbol \Phi on input line 370.
LaTeX Font Info:    Redeclaring math symbol \Psi on input line 371.
LaTeX Font Info:    Redeclaring math symbol \Omega on input line 372.
\tocchpnum=\dimen112
\tocsecnum=\dimen113
\tocsectotal=\dimen114
\tocsubsecnum=\dimen115
\tocsubsectotal=\dimen116
\tocsubsubsecnum=\dimen117
\tocsubsubsectotal=\dimen118
\tocparanum=\dimen119
\tocparatotal=\dimen120
\tocsubparanum=\dimen121
\@tempcntc=\count98
\fnindent=\dimen122
\c@@inst=\count99
\c@@auth=\count100
\c@auco=\count101
\instindent=\dimen123
\authrun=\box53
\authorrunning=\toks14
\tocauthor=\toks15
\titrun=\box54
\titlerunning=\toks16
\toctitle=\toks17
\c@theorem=\count102
\c@case=\count103
\c@conjecture=\count104
\c@corollary=\count105
\c@definition=\count106
\c@example=\count107
\c@exercise=\count108
\c@lemma=\count109
\c@note=\count110
\c@problem=\count111
\c@property=\count112
\c@proposition=\count113
\c@question=\count114
\c@solution=\count115
\c@remark=\count116
\headlineindent=\dimen124
)
("C:\Users\ilia0\AppData\Local\Programs\MiKTeX 2.9\tex/latex/graphics\graphicx.
sty"
Package: graphicx 2017/06/01 v1.1a Enhanced LaTeX Graphics (DPC,SPQR)

("C:\Users\ilia0\AppData\Local\Programs\MiKTeX 2.9\tex/latex/graphics\keyval.st
y"
Package: keyval 2014/10/28 v1.15 key=value parser (DPC)
\KV@toks@=\toks18
)
("C:\Users\ilia0\AppData\Local\Programs\MiKTeX 2.9\tex/latex/graphics\graphics.
sty"
Package: graphics 2017/06/25 v1.2c Standard LaTeX Graphics (DPC,SPQR)

("C:\Users\ilia0\AppData\Local\Programs\MiKTeX 2.9\tex/latex/graphics\trig.sty"
Package: trig 2016/01/03 v1.10 sin cos tan (DPC)
)
("C:\Users\ilia0\AppData\Local\Programs\MiKTeX 2.9\tex/latex/graphics-cfg\graph
ics.cfg"
File: graphics.cfg 2016/06/04 v1.11 sample graphics configuration
)
Package graphics Info: Driver file: pdftex.def on input line 99.

("C:\Users\ilia0\AppData\Local\Programs\MiKTeX 2.9\tex/latex/graphics-def\pdfte
x.def"
File: pdftex.def 2018/01/08 v1.0l Graphics/color driver for pdftex
))
\Gin@req@height=\dimen125
\Gin@req@width=\dimen126
)
("C:\Users\ilia0\AppData\Local\Programs\MiKTeX 2.9\tex/generic/babel\babel.sty"
Package: babel 2019/06/03 3.32 The Babel package
("C:\Users\ilia0\AppData\Local\Programs\MiKTeX 2.9\tex/generic/babel\switch.def
"
File: switch.def 2019/06/03 3.32 Babel switching mechanism
)
*************************************
* Local config file bblopts.cfg used
*
("C:\Users\ilia0\AppData\Local\Programs\MiKTeX 2.9\tex/latex/arabi\bblopts.cfg"
File: bblopts.cfg 2005/09/08 v0.1 add Arabic and Farsi to "declared" options of
 babel
)
("C:\Users\ilia0\AppData\Local\Programs\MiKTeX 2.9\tex/latex/babel-german\ngerm
an.ldf"
Language: ngerman 2018/12/08 v2.11 German support for babel (post-1996 orthogra
phy)

("C:\Users\ilia0\AppData\Local\Programs\MiKTeX 2.9\tex/latex/babel-german\ngerm
anb.ldf"
Language: ngermanb 2018/12/08 v2.11 German support for babel (post-1996 orthogr
aphy)

("C:\Users\ilia0\AppData\Local\Programs\MiKTeX 2.9\tex/generic/babel\babel.def"
File: babel.def 2019/06/03 3.32 Babel common definitions
\babel@savecnt=\count117
\U@D=\dimen127

("C:\Users\ilia0\AppData\Local\Programs\MiKTeX 2.9\tex/generic/babel\txtbabel.d
ef")
\bbl@dirlevel=\count118
)
Package babel Info: Making " an active character on input line 121.
)))
("C:\Users\ilia0\AppData\Local\Programs\MiKTeX 2.9\tex/latex/base\fontenc.sty"
Package: fontenc 2018/08/11 v2.0j Standard LaTeX package

("C:\Users\ilia0\AppData\Local\Programs\MiKTeX 2.9\tex/latex/base\t1enc.def"
File: t1enc.def 2018/08/11 v2.0j Standard LaTeX file
LaTeX Font Info:    Redeclaring font encoding T1 on input line 48.
))
("C:\Users\ilia0\AppData\Local\Programs\MiKTeX 2.9\tex/latex/lm\lmodern.sty"
Package: lmodern 2009/10/30 v1.6 Latin Modern Fonts
LaTeX Font Info:    Overwriting symbol font `operators' in version `normal'
(Font)                  OT1/cmr/m/n --> OT1/lmr/m/n on input line 22.
LaTeX Font Info:    Overwriting symbol font `letters' in version `normal'
(Font)                  OML/cmm/m/it --> OML/lmm/m/it on input line 23.
LaTeX Font Info:    Overwriting symbol font `symbols' in version `normal'
(Font)                  OMS/cmsy/m/n --> OMS/lmsy/m/n on input line 24.
LaTeX Font Info:    Overwriting symbol font `largesymbols' in version `normal'
(Font)                  OMX/cmex/m/n --> OMX/lmex/m/n on input line 25.
LaTeX Font Info:    Overwriting symbol font `operators' in version `bold'
(Font)                  OT1/cmr/bx/n --> OT1/lmr/bx/n on input line 26.
LaTeX Font Info:    Overwriting symbol font `letters' in version `bold'
(Font)                  OML/cmm/b/it --> OML/lmm/b/it on input line 27.
LaTeX Font Info:    Overwriting symbol font `symbols' in version `bold'
(Font)                  OMS/cmsy/b/n --> OMS/lmsy/b/n on input line 28.
LaTeX Font Info:    Overwriting symbol font `largesymbols' in version `bold'
(Font)                  OMX/cmex/m/n --> OMX/lmex/m/n on input line 29.
LaTeX Font Info:    Overwriting math alphabet `\mathbf' in version `normal'
(Font)                  OT1/cmr/bx/n --> OT1/lmr/bx/n on input line 31.
LaTeX Font Info:    Overwriting math alphabet `\mathsf' in version `normal'
(Font)                  OT1/cmss/m/n --> OT1/lmss/m/n on input line 32.
LaTeX Font Info:    Overwriting math alphabet `\mathit' in version `normal'
(Font)                  OT1/cmr/m/it --> OT1/lmr/m/it on input line 33.
LaTeX Font Info:    Overwriting math alphabet `\mathtt' in version `normal'
(Font)                  OT1/cmtt/m/n --> OT1/lmtt/m/n on input line 34.
LaTeX Font Info:    Overwriting math alphabet `\mathbf' in version `bold'
(Font)                  OT1/cmr/bx/n --> OT1/lmr/bx/n on input line 35.
LaTeX Font Info:    Overwriting math alphabet `\mathsf' in version `bold'
(Font)                  OT1/cmss/bx/n --> OT1/lmss/bx/n on input line 36.
LaTeX Font Info:    Overwriting math alphabet `\mathit' in version `bold'
(Font)                  OT1/cmr/bx/it --> OT1/lmr/bx/it on input line 37.
LaTeX Font Info:    Overwriting math alphabet `\mathtt' in version `bold'
(Font)                  OT1/cmtt/m/n --> OT1/lmtt/m/n on input line 38.
)
("C:\Users\ilia0\AppData\Local\Programs\MiKTeX 2.9\tex/latex/listings\listings.
sty"
\lst@mode=\count119
\lst@gtempboxa=\box55
\lst@token=\toks19
\lst@length=\count120
\lst@currlwidth=\dimen128
\lst@column=\count121
\lst@pos=\count122
\lst@lostspace=\dimen129
\lst@width=\dimen130
\lst@newlines=\count123
\lst@lineno=\count124
\lst@maxwidth=\dimen131

("C:\Users\ilia0\AppData\Local\Programs\MiKTeX 2.9\tex/latex/listings\lstmisc.s
ty"
File: lstmisc.sty 2019/02/27 1.8b (Carsten Heinz)
\c@lstnumber=\count125
\lst@skipnumbers=\count126
\lst@framebox=\box56
)
("C:\Users\ilia0\AppData\Local\Programs\MiKTeX 2.9\tex/latex/listings\listings.
cfg"
File: listings.cfg 2019/02/27 1.8b listings configuration
))
Package: listings 2019/02/27 1.8b (Carsten Heinz)

("C:\Users\ilia0\AppData\Local\Programs\MiKTeX 2.9\tex/latex/base\textcomp.sty"
Package: textcomp 2018/08/11 v2.0j Standard LaTeX package
Package textcomp Info: Sub-encoding information:
(textcomp)               5 = only ISO-Adobe without \textcurrency
(textcomp)               4 = 5 + \texteuro
(textcomp)               3 = 4 + \textohm
(textcomp)               2 = 3 + \textestimated + \textcurrency
(textcomp)               1 = TS1 - \textcircled - \t
(textcomp)               0 = TS1 (full)
(textcomp)             Font families with sub-encoding setting implement
(textcomp)             only a restricted character set as indicated.
(textcomp)             Family '?' is the default used for unknown fonts.
(textcomp)             See the documentation for details.
Package textcomp Info: Setting ? sub-encoding to TS1/1 on input line 79.
("C:\Users\ilia0\AppData\Local\Programs\MiKTeX 2.9\tex/latex/base\ts1enc.def"
File: ts1enc.def 2001/06/05 v3.0e (jk/car/fm) Standard LaTeX file
Now handling font encoding TS1 ...
... processing UTF-8 mapping file for font encoding TS1

("C:\Users\ilia0\AppData\Local\Programs\MiKTeX 2.9\tex/latex/base\ts1enc.dfu"
File: ts1enc.dfu 2018/10/05 v1.2f UTF-8 support for inputenc
   defining Unicode char U+00A2 (decimal 162)
   defining Unicode char U+00A3 (decimal 163)
   defining Unicode char U+00A4 (decimal 164)
   defining Unicode char U+00A5 (decimal 165)
   defining Unicode char U+00A6 (decimal 166)
   defining Unicode char U+00A7 (decimal 167)
   defining Unicode char U+00A8 (decimal 168)
   defining Unicode char U+00A9 (decimal 169)
   defining Unicode char U+00AA (decimal 170)
   defining Unicode char U+00AC (decimal 172)
   defining Unicode char U+00AE (decimal 174)
   defining Unicode char U+00AF (decimal 175)
   defining Unicode char U+00B0 (decimal 176)
   defining Unicode char U+00B1 (decimal 177)
   defining Unicode char U+00B2 (decimal 178)
   defining Unicode char U+00B3 (decimal 179)
   defining Unicode char U+00B4 (decimal 180)
   defining Unicode char U+00B5 (decimal 181)
   defining Unicode char U+00B6 (decimal 182)
   defining Unicode char U+00B7 (decimal 183)
   defining Unicode char U+00B9 (decimal 185)
   defining Unicode char U+00BA (decimal 186)
   defining Unicode char U+00BC (decimal 188)
   defining Unicode char U+00BD (decimal 189)
   defining Unicode char U+00BE (decimal 190)
   defining Unicode char U+00D7 (decimal 215)
   defining Unicode char U+00F7 (decimal 247)
   defining Unicode char U+0192 (decimal 402)
   defining Unicode char U+02C7 (decimal 711)
   defining Unicode char U+02D8 (decimal 728)
   defining Unicode char U+02DD (decimal 733)
   defining Unicode char U+0E3F (decimal 3647)
   defining Unicode char U+2016 (decimal 8214)
   defining Unicode char U+2020 (decimal 8224)
   defining Unicode char U+2021 (decimal 8225)
   defining Unicode char U+2022 (decimal 8226)
   defining Unicode char U+2030 (decimal 8240)
   defining Unicode char U+2031 (decimal 8241)
   defining Unicode char U+203B (decimal 8251)
   defining Unicode char U+203D (decimal 8253)
   defining Unicode char U+2044 (decimal 8260)
   defining Unicode char U+204E (decimal 8270)
   defining Unicode char U+2052 (decimal 8274)
   defining Unicode char U+20A1 (decimal 8353)
   defining Unicode char U+20A4 (decimal 8356)
   defining Unicode char U+20A6 (decimal 8358)
   defining Unicode char U+20A9 (decimal 8361)
   defining Unicode char U+20AB (decimal 8363)
   defining Unicode char U+20AC (decimal 8364)
   defining Unicode char U+20B1 (decimal 8369)
   defining Unicode char U+2103 (decimal 8451)
   defining Unicode char U+2116 (decimal 8470)
   defining Unicode char U+2117 (decimal 8471)
   defining Unicode char U+211E (decimal 8478)
   defining Unicode char U+2120 (decimal 8480)
   defining Unicode char U+2122 (decimal 8482)
   defining Unicode char U+2126 (decimal 8486)
   defining Unicode char U+2127 (decimal 8487)
   defining Unicode char U+212E (decimal 8494)
   defining Unicode char U+2190 (decimal 8592)
   defining Unicode char U+2191 (decimal 8593)
   defining Unicode char U+2192 (decimal 8594)
   defining Unicode char U+2193 (decimal 8595)
   defining Unicode char U+2329 (decimal 9001)
   defining Unicode char U+232A (decimal 9002)
   defining Unicode char U+2422 (decimal 9250)
   defining Unicode char U+25E6 (decimal 9702)
   defining Unicode char U+25EF (decimal 9711)
   defining Unicode char U+266A (decimal 9834)
   defining Unicode char U+FEFF (decimal 65279)
))
LaTeX Info: Redefining \oldstylenums on input line 334.
Package textcomp Info: Setting cmr sub-encoding to TS1/0 on input line 349.
Package textcomp Info: Setting cmss sub-encoding to TS1/0 on input line 350.
Package textcomp Info: Setting cmtt sub-encoding to TS1/0 on input line 351.
Package textcomp Info: Setting cmvtt sub-encoding to TS1/0 on input line 352.
Package textcomp Info: Setting cmbr sub-encoding to TS1/0 on input line 353.
Package textcomp Info: Setting cmtl sub-encoding to TS1/0 on input line 354.
Package textcomp Info: Setting ccr sub-encoding to TS1/0 on input line 355.
Package textcomp Info: Setting ptm sub-encoding to TS1/4 on input line 356.
Package textcomp Info: Setting pcr sub-encoding to TS1/4 on input line 357.
Package textcomp Info: Setting phv sub-encoding to TS1/4 on input line 358.
Package textcomp Info: Setting ppl sub-encoding to TS1/3 on input line 359.
Package textcomp Info: Setting pag sub-encoding to TS1/4 on input line 360.
Package textcomp Info: Setting pbk sub-encoding to TS1/4 on input line 361.
Package textcomp Info: Setting pnc sub-encoding to TS1/4 on input line 362.
Package textcomp Info: Setting pzc sub-encoding to TS1/4 on input line 363.
Package textcomp Info: Setting bch sub-encoding to TS1/4 on input line 364.
Package textcomp Info: Setting put sub-encoding to TS1/5 on input line 365.
Package textcomp Info: Setting uag sub-encoding to TS1/5 on input line 366.
Package textcomp Info: Setting ugq sub-encoding to TS1/5 on input line 367.
Package textcomp Info: Setting ul8 sub-encoding to TS1/4 on input line 368.
Package textcomp Info: Setting ul9 sub-encoding to TS1/4 on input line 369.
Package textcomp Info: Setting augie sub-encoding to TS1/5 on input line 370.
Package textcomp Info: Setting dayrom sub-encoding to TS1/3 on input line 371.
Package textcomp Info: Setting dayroms sub-encoding to TS1/3 on input line 372.

Package textcomp Info: Setting pxr sub-encoding to TS1/0 on input line 373.
Package textcomp Info: Setting pxss sub-encoding to TS1/0 on input line 374.
Package textcomp Info: Setting pxtt sub-encoding to TS1/0 on input line 375.
Package textcomp Info: Setting txr sub-encoding to TS1/0 on input line 376.
Package textcomp Info: Setting txss sub-encoding to TS1/0 on input line 377.
Package textcomp Info: Setting txtt sub-encoding to TS1/0 on input line 378.
Package textcomp Info: Setting lmr sub-encoding to TS1/0 on input line 379.
Package textcomp Info: Setting lmdh sub-encoding to TS1/0 on input line 380.
Package textcomp Info: Setting lmss sub-encoding to TS1/0 on input line 381.
Package textcomp Info: Setting lmssq sub-encoding to TS1/0 on input line 382.
Package textcomp Info: Setting lmvtt sub-encoding to TS1/0 on input line 383.
Package textcomp Info: Setting lmtt sub-encoding to TS1/0 on input line 384.
Package textcomp Info: Setting qhv sub-encoding to TS1/0 on input line 385.
Package textcomp Info: Setting qag sub-encoding to TS1/0 on input line 386.
Package textcomp Info: Setting qbk sub-encoding to TS1/0 on input line 387.
Package textcomp Info: Setting qcr sub-encoding to TS1/0 on input line 388.
Package textcomp Info: Setting qcs sub-encoding to TS1/0 on input line 389.
Package textcomp Info: Setting qpl sub-encoding to TS1/0 on input line 390.
Package textcomp Info: Setting qtm sub-encoding to TS1/0 on input line 391.
Package textcomp Info: Setting qzc sub-encoding to TS1/0 on input line 392.
Package textcomp Info: Setting qhvc sub-encoding to TS1/0 on input line 393.
Package textcomp Info: Setting futs sub-encoding to TS1/4 on input line 394.
Package textcomp Info: Setting futx sub-encoding to TS1/4 on input line 395.
Package textcomp Info: Setting futj sub-encoding to TS1/4 on input line 396.
Package textcomp Info: Setting hlh sub-encoding to TS1/3 on input line 397.
Package textcomp Info: Setting hls sub-encoding to TS1/3 on input line 398.
Package textcomp Info: Setting hlst sub-encoding to TS1/3 on input line 399.
Package textcomp Info: Setting hlct sub-encoding to TS1/5 on input line 400.
Package textcomp Info: Setting hlx sub-encoding to TS1/5 on input line 401.
Package textcomp Info: Setting hlce sub-encoding to TS1/5 on input line 402.
Package textcomp Info: Setting hlcn sub-encoding to TS1/5 on input line 403.
Package textcomp Info: Setting hlcw sub-encoding to TS1/5 on input line 404.
Package textcomp Info: Setting hlcf sub-encoding to TS1/5 on input line 405.
Package textcomp Info: Setting pplx sub-encoding to TS1/3 on input line 406.
Package textcomp Info: Setting pplj sub-encoding to TS1/3 on input line 407.
Package textcomp Info: Setting ptmx sub-encoding to TS1/4 on input line 408.
Package textcomp Info: Setting ptmj sub-encoding to TS1/4 on input line 409.
)
("C:\Users\ilia0\AppData\Local\Programs\MiKTeX 2.9\tex/latex/amsfonts\amsfonts.
sty"
Package: amsfonts 2013/01/14 v3.01 Basic AMSFonts support
\@emptytoks=\toks20
\symAMSa=\mathgroup4
\symAMSb=\mathgroup5
LaTeX Font Info:    Overwriting math alphabet `\mathfrak' in version `bold'
(Font)                  U/euf/m/n --> U/euf/b/n on input line 106.
)
("C:\Users\ilia0\AppData\Local\Programs\MiKTeX 2.9\tex/latex/amsmath\amsmath.st
y"
Package: amsmath 2018/12/01 v2.17b AMS math features
\@mathmargin=\skip45

For additional information on amsmath, use the `?' option.

("C:\Users\ilia0\AppData\Local\Programs\MiKTeX 2.9\tex/latex/amsmath\amstext.st
y"
Package: amstext 2000/06/29 v2.01 AMS text

("C:\Users\ilia0\AppData\Local\Programs\MiKTeX 2.9\tex/latex/amsmath\amsgen.sty
"
File: amsgen.sty 1999/11/30 v2.0 generic functions
\@emptytoks=\toks21
\ex@=\dimen132
))
("C:\Users\ilia0\AppData\Local\Programs\MiKTeX 2.9\tex/latex/amsmath\amsbsy.sty
"
Package: amsbsy 1999/11/29 v1.2d Bold Symbols
\pmbraise@=\dimen133
)
("C:\Users\ilia0\AppData\Local\Programs\MiKTeX 2.9\tex/latex/amsmath\amsopn.sty
"
Package: amsopn 2016/03/08 v2.02 operator names
)
\inf@bad=\count127
LaTeX Info: Redefining \frac on input line 223.
\uproot@=\count128
\leftroot@=\count129
LaTeX Info: Redefining \overline on input line 385.
\classnum@=\count130
\DOTSCASE@=\count131
LaTeX Info: Redefining \ldots on input line 482.
LaTeX Info: Redefining \dots on input line 485.
LaTeX Info: Redefining \cdots on input line 606.
\Mathstrutbox@=\box57
\strutbox@=\box58
\big@size=\dimen134
LaTeX Font Info:    Redeclaring font encoding OML on input line 729.
LaTeX Font Info:    Redeclaring font encoding OMS on input line 730.


Package amsmath Warning: Unable to redefine math accent \vec.

\macc@depth=\count132
\c@MaxMatrixCols=\count133
\dotsspace@=\muskip10
\c@parentequation=\count134
\dspbrk@lvl=\count135
\tag@help=\toks22
\row@=\count136
\column@=\count137
\maxfields@=\count138
\andhelp@=\toks23
\eqnshift@=\dimen135
\alignsep@=\dimen136
\tagshift@=\dimen137
\tagwidth@=\dimen138
\totwidth@=\dimen139
\lineht@=\dimen140
\@envbody=\toks24
\multlinegap=\skip46
\multlinetaggap=\skip47
\mathdisplay@stack=\toks25
LaTeX Info: Redefining \[ on input line 2844.
LaTeX Info: Redefining \] on input line 2845.
)
("C:\Users\ilia0\AppData\Local\Programs\MiKTeX 2.9\tex/latex/hyperref\hyperref.
sty"
Package: hyperref 2018/11/30 v6.88e Hypertext links for LaTeX

("C:\Users\ilia0\AppData\Local\Programs\MiKTeX 2.9\tex/generic/oberdiek\hobsub-
hyperref.sty"
Package: hobsub-hyperref 2016/05/16 v1.14 Bundle oberdiek, subset hyperref (HO)


("C:\Users\ilia0\AppData\Local\Programs\MiKTeX 2.9\tex/generic/oberdiek\hobsub-
generic.sty"
Package: hobsub-generic 2016/05/16 v1.14 Bundle oberdiek, subset generic (HO)
Package: hobsub 2016/05/16 v1.14 Construct package bundles (HO)
Package: infwarerr 2016/05/16 v1.4 Providing info/warning/error messages (HO)
Package: ltxcmds 2016/05/16 v1.23 LaTeX kernel commands for general use (HO)
Package: ifluatex 2016/05/16 v1.4 Provides the ifluatex switch (HO)
Package ifluatex Info: LuaTeX not detected.
Package: ifvtex 2016/05/16 v1.6 Detect VTeX and its facilities (HO)
Package ifvtex Info: VTeX not detected.
Package: intcalc 2016/05/16 v1.2 Expandable calculations with integers (HO)
Package: ifpdf 2018/09/07 v3.3 Provides the ifpdf switch
Package: etexcmds 2016/05/16 v1.6 Avoid name clashes with e-TeX commands (HO)
Package: kvsetkeys 2016/05/16 v1.17 Key value parser (HO)
Package: kvdefinekeys 2016/05/16 v1.4 Define keys (HO)
Package: pdftexcmds 2018/09/10 v0.29 Utility functions of pdfTeX for LuaTeX (HO
)
Package pdftexcmds Info: LuaTeX not detected.
Package pdftexcmds Info: \pdf@primitive is available.
Package pdftexcmds Info: \pdf@ifprimitive is available.
Package pdftexcmds Info: \pdfdraftmode found.
Package: pdfescape 2016/05/16 v1.14 Implements pdfTeX's escape features (HO)
Package: bigintcalc 2016/05/16 v1.4 Expandable calculations on big integers (HO
)
Package: bitset 2016/05/16 v1.2 Handle bit-vector datatype (HO)
Package: uniquecounter 2016/05/16 v1.3 Provide unlimited unique counter (HO)
)
Package hobsub Info: Skipping package `hobsub' (already loaded).
Package: letltxmacro 2016/05/16 v1.5 Let assignment for LaTeX macros (HO)
Package: hopatch 2016/05/16 v1.3 Wrapper for package hooks (HO)
Package: xcolor-patch 2016/05/16 xcolor patch
Package: atveryend 2016/05/16 v1.9 Hooks at the very end of document (HO)
Package atveryend Info: \enddocument detected (standard20110627).
Package: atbegshi 2016/06/09 v1.18 At begin shipout hook (HO)
Package: refcount 2016/05/16 v3.5 Data extraction from label references (HO)
Package: hycolor 2016/05/16 v1.8 Color options for hyperref/bookmark (HO)
)
("C:\Users\ilia0\AppData\Local\Programs\MiKTeX 2.9\tex/generic/ifxetex\ifxetex.
sty"
Package: ifxetex 2010/09/12 v0.6 Provides ifxetex conditional
)
("C:\Users\ilia0\AppData\Local\Programs\MiKTeX 2.9\tex/latex/oberdiek\auxhook.s
ty"
Package: auxhook 2016/05/16 v1.4 Hooks for auxiliary files (HO)
)
("C:\Users\ilia0\AppData\Local\Programs\MiKTeX 2.9\tex/latex/oberdiek\kvoptions
.sty"
Package: kvoptions 2016/05/16 v3.12 Key value format for package options (HO)
)
\@linkdim=\dimen141
\Hy@linkcounter=\count139
\Hy@pagecounter=\count140

("C:\Users\ilia0\AppData\Local\Programs\MiKTeX 2.9\tex/latex/hyperref\pd1enc.de
f"
File: pd1enc.def 2018/11/30 v6.88e Hyperref: PDFDocEncoding definition (HO)
Now handling font encoding PD1 ...
... no UTF-8 mapping file for font encoding PD1
)
\Hy@SavedSpaceFactor=\count141

("C:\Users\ilia0\AppData\Local\Programs\MiKTeX 2.9\tex/latex/00miktex\hyperref.
cfg"
File: hyperref.cfg 2002/06/06 v1.2 hyperref configuration of TeXLive
)
Package hyperref Info: Hyper figures OFF on input line 4519.
Package hyperref Info: Link nesting OFF on input line 4524.
Package hyperref Info: Hyper index ON on input line 4527.
Package hyperref Info: Plain pages OFF on input line 4534.
Package hyperref Info: Backreferencing OFF on input line 4539.
Package hyperref Info: Implicit mode ON; LaTeX internals redefined.
Package hyperref Info: Bookmarks ON on input line 4772.
\c@Hy@tempcnt=\count142
 ("C:\Users\ilia0\AppData\Local\Programs\MiKTeX 2.9\tex/latex/url\url.sty"
\Urlmuskip=\muskip11
Package: url 2013/09/16  ver 3.4  Verb mode for urls, etc.
)
LaTeX Info: Redefining \url on input line 5125.
\XeTeXLinkMargin=\dimen142
\Fld@menulength=\count143
\Field@Width=\dimen143
\Fld@charsize=\dimen144
Package hyperref Info: Hyper figures OFF on input line 6380.
Package hyperref Info: Link nesting OFF on input line 6385.
Package hyperref Info: Hyper index ON on input line 6388.
Package hyperref Info: backreferencing OFF on input line 6395.
Package hyperref Info: Link coloring OFF on input line 6400.
Package hyperref Info: Link coloring with OCG OFF on input line 6405.
Package hyperref Info: PDF/A mode OFF on input line 6410.
LaTeX Info: Redefining \ref on input line 6450.
LaTeX Info: Redefining \pageref on input line 6454.
\Hy@abspage=\count144
\c@Item=\count145
\c@Hfootnote=\count146
)
Package hyperref Info: Driver (autodetected): hpdftex.

("C:\Users\ilia0\AppData\Local\Programs\MiKTeX 2.9\tex/latex/hyperref\hpdftex.d
ef"
File: hpdftex.def 2018/11/30 v6.88e Hyperref driver for pdfTeX
\Fld@listcount=\count147
\c@bookmark@seq@number=\count148

("C:\Users\ilia0\AppData\Local\Programs\MiKTeX 2.9\tex/latex/oberdiek\rerunfile
check.sty"
Package: rerunfilecheck 2016/05/16 v1.8 Rerun checks for auxiliary files (HO)
Package uniquecounter Info: New unique counter `rerunfilecheck' on input line 2
82.
)
\Hy@SectionHShift=\skip48
) (VergleichVonFeuchtesensorenVersion3.aux

LaTeX Warning: Label `tab:my-table' multiply defined.


LaTeX Warning: Label `tab:my-table' multiply defined.


LaTeX Warning: Label `tab:my-table' multiply defined.


LaTeX Warning: Label `tab:my-table' multiply defined.

)
\openout1 = `VergleichVonFeuchtesensorenVersion3.aux'.

LaTeX Font Info:    Checking defaults for OML/cmm/m/it on input line 24.
LaTeX Font Info:    ... okay on input line 24.
LaTeX Font Info:    Checking defaults for T1/cmr/m/n on input line 24.
LaTeX Font Info:    ... okay on input line 24.
LaTeX Font Info:    Checking defaults for OT1/cmr/m/n on input line 24.
LaTeX Font Info:    ... okay on input line 24.
LaTeX Font Info:    Checking defaults for OMS/cmsy/m/n on input line 24.
LaTeX Font Info:    ... okay on input line 24.
LaTeX Font Info:    Checking defaults for OMX/cmex/m/n on input line 24.
LaTeX Font Info:    ... okay on input line 24.
LaTeX Font Info:    Checking defaults for U/cmr/m/n on input line 24.
LaTeX Font Info:    ... okay on input line 24.
LaTeX Font Info:    Checking defaults for TS1/cmr/m/n on input line 24.
LaTeX Font Info:    Try loading font information for TS1+cmr on input line 24.
 ("C:\Users\ilia0\AppData\Local\Programs\MiKTeX 2.9\tex/latex/base\ts1cmr.fd"
File: ts1cmr.fd 2014/09/29 v2.5h Standard LaTeX font definitions
)
LaTeX Font Info:    ... okay on input line 24.
LaTeX Font Info:    Checking defaults for PD1/pdf/m/n on input line 24.
LaTeX Font Info:    ... okay on input line 24.
LaTeX Font Info:    Try loading font information for T1+lmr on input line 24.
("C:\Users\ilia0\AppData\Local\Programs\MiKTeX 2.9\tex/latex/lm\t1lmr.fd"
File: t1lmr.fd 2009/10/30 v1.6 Font defs for Latin Modern
)
("C:\Users\ilia0\AppData\Local\Programs\MiKTeX 2.9\tex/context/base/mkii\supp-p
df.mkii"
[Loading MPS to PDF converter (version 2006.09.02).]
\scratchcounter=\count149
\scratchdimen=\dimen145
\scratchbox=\box59
\nofMPsegments=\count150
\nofMParguments=\count151
\everyMPshowfont=\toks26
\MPscratchCnt=\count152
\MPscratchDim=\dimen146
\MPnumerator=\count153
\makeMPintoPDFobject=\count154
\everyMPtoPDFconversion=\toks27
)
("C:\Users\ilia0\AppData\Local\Programs\MiKTeX 2.9\tex/latex/oberdiek\epstopdf-
base.sty"
Package: epstopdf-base 2016/05/15 v2.6 Base part for package epstopdf

("C:\Users\ilia0\AppData\Local\Programs\MiKTeX 2.9\tex/latex/oberdiek\grfext.st
y"
Package: grfext 2016/05/16 v1.2 Manage graphics extensions (HO)
)
Package epstopdf-base Info: Redefining graphics rule for `.eps' on input line 4
38.
Package grfext Info: Graphics extension search list:
(grfext)             [.pdf,.png,.jpg,.mps,.jpeg,.jbig2,.jb2,.PDF,.PNG,.JPG,.JPE
G,.JBIG2,.JB2,.eps]
(grfext)             \AppendGraphicsExtensions on input line 456.
)
\c@lstlisting=\count155
\AtBeginShipoutBox=\box60
Package hyperref Info: Link coloring OFF on input line 24.

("C:\Users\ilia0\AppData\Local\Programs\MiKTeX 2.9\tex/latex/hyperref\nameref.s
ty"
Package: nameref 2016/05/21 v2.44 Cross-referencing by name of section

("C:\Users\ilia0\AppData\Local\Programs\MiKTeX 2.9\tex/generic/oberdiek\gettitl
estring.sty"
Package: gettitlestring 2016/05/16 v1.5 Cleanup title references (HO)
)
\c@section@level=\count156
)
LaTeX Info: Redefining \ref on input line 24.
LaTeX Info: Redefining \pageref on input line 24.
LaTeX Info: Redefining \nameref on input line 24.
 (VergleichVonFeuchtesensorenVersion3.out)
(VergleichVonFeuchtesensorenVersion3.out)
\@outlinefile=\write3
\openout3 = `VergleichVonFeuchtesensorenVersion3.out'.

LaTeX Font Info:    Try loading font information for OT1+lmr on input line 53.

("C:\Users\ilia0\AppData\Local\Programs\MiKTeX 2.9\tex/latex/lm\ot1lmr.fd"
File: ot1lmr.fd 2009/10/30 v1.6 Font defs for Latin Modern
)
LaTeX Font Info:    Try loading font information for OML+lmm on input line 53.

("C:\Users\ilia0\AppData\Local\Programs\MiKTeX 2.9\tex/latex/lm\omllmm.fd"
File: omllmm.fd 2009/10/30 v1.6 Font defs for Latin Modern
)
LaTeX Font Info:    Try loading font information for OMS+lmsy on input line 53.


("C:\Users\ilia0\AppData\Local\Programs\MiKTeX 2.9\tex/latex/lm\omslmsy.fd"
File: omslmsy.fd 2009/10/30 v1.6 Font defs for Latin Modern
)
LaTeX Font Info:    Try loading font information for OMX+lmex on input line 53.


("C:\Users\ilia0\AppData\Local\Programs\MiKTeX 2.9\tex/latex/lm\omxlmex.fd"
File: omxlmex.fd 2009/10/30 v1.6 Font defs for Latin Modern
)
LaTeX Font Info:    External font `lmex10' loaded for size
(Font)              <10> on input line 53.
LaTeX Font Info:    External font `lmex10' loaded for size
(Font)              <7> on input line 53.
LaTeX Font Info:    External font `lmex10' loaded for size
(Font)              <5> on input line 53.
LaTeX Font Info:    Try loading font information for U+msa on input line 53.

("C:\Users\ilia0\AppData\Local\Programs\MiKTeX 2.9\tex/latex/amsfonts\umsa.fd"
File: umsa.fd 2013/01/14 v3.01 AMS symbols A
)
LaTeX Font Info:    Try loading font information for U+msb on input line 53.
("C:\Users\ilia0\AppData\Local\Programs\MiKTeX 2.9\tex/latex/amsfonts\umsb.fd"
File: umsb.fd 2013/01/14 v3.01 AMS symbols B
)
LaTeX Font Info:    Try loading font information for T1+lmtt on input line 53.
("C:\Users\ilia0\AppData\Local\Programs\MiKTeX 2.9\tex/latex/lm\t1lmtt.fd"
File: t1lmtt.fd 2009/10/30 v1.6 Font defs for Latin Modern
)
LaTeX Font Info:    External font `lmex10' loaded for size
(Font)              <9> on input line 53.
LaTeX Font Info:    External font `lmex10' loaded for size
(Font)              <6> on input line 53.


Package hyperref Warning: Token not allowed in a PDF string (PDFDocEncoding):
(hyperref)                removing `\\' on input line 53.


Package hyperref Warning: Token not allowed in a PDF string (PDFDocEncoding):
(hyperref)                removing `\\' on input line 53.


Overfull \hbox (1.33084pt too wide) in paragraph at lines 54--55
\T1/lmr/m/n/9 HTU21D, BME280, DHT22. Es wa-ren je-weils vier Ex-em-pla-re von S
HT31,
 []

LaTeX Font Info:    Try loading font information for TS1+lmr on input line 56.
("C:\Users\ilia0\AppData\Local\Programs\MiKTeX 2.9\tex/latex/lm\ts1lmr.fd"
File: ts1lmr.fd 2009/10/30 v1.6 Font defs for Latin Modern
)
[1

{C:/Users/ilia0/AppData/Local/MiKTeX/2.9/pdftex/config/pdftex.map}]
Overfull \hbox (6.29456pt too wide) in paragraph at lines 67--72
\T1/lmr/m/n/10 Luftfeuchtigkeitsstufe oder Luft-feuch-tig-keits-ni-veau - re-la
-ti-ve Luft-feuch-tig-keit 50%,
 []


Underfull \hbox (badness 10000) in paragraph at lines 67--72

 []


Underfull \hbox (badness 10000) in paragraph at lines 74--83

 []


Overfull \hbox (32.12694pt too wide) in paragraph at lines 74--83
\T1/lmr/m/n/10 Buch-sen-leis-ten ein-ge-steckt. Die SD-Speicherkarte wur-de in 
das SD-Speicherkartenmodul
 []

[2]
<pictures/platine.jpg, id=35, 642.4pt x 542.025pt>
File: pictures/platine.jpg Graphic file (type jpg)
<use pictures/platine.jpg>
Package pdftex.def Info: pictures/platine.jpg  used on input line 85.
(pdftex.def)             Requested size: 347.12354pt x 292.8959pt.
 [3 <./pictures/platine.jpg>]
("C:\Users\ilia0\AppData\Local\Programs\MiKTeX 2.9\tex/latex/listings\lstlang1.
sty"
File: lstlang1.sty 2019/02/27 1.8b listings language file
)
("C:\Users\ilia0\AppData\Local\Programs\MiKTeX 2.9\tex/latex/listings\lstmisc.s
ty"
File: lstmisc.sty 2019/02/27 1.8b (Carsten Heinz)
)
Overfull \hbox (72.88074pt too wide) in paragraph at lines 104--105
[][][][][][][][][][][][][][][][][][][][][][][][][] 
 []


Overfull \hbox (48.8805pt too wide) in paragraph at lines 110--111
[][][][][][][][][][][][][][][][][][][][][][][][][] 
 []


Overfull \hbox (6.88007pt too wide) in paragraph at lines 134--135
[][][][][][][][][][][][][][][][][][][][][][][][][][][][][][] 
 []

<pictures/messaufbau.jpg, id=43, 1101.11375pt x 719.68875pt>
File: pictures/messaufbau.jpg Graphic file (type jpg)
<use pictures/messaufbau.jpg>
Package pdftex.def Info: pictures/messaufbau.jpg  used on input line 141.
(pdftex.def)             Requested size: 347.12354pt x 226.87886pt.

LaTeX Warning: `h' float specifier changed to `ht'.

[4]
Overfull \hbox (17.84819pt too wide) in paragraph at lines 150--151
[]\T1/lmr/m/n/10 Aufgrund von Ein-schrän-kun-gen der ex-pe-ri-men-tel-len Um-ge
-bung und des Messauf-
 []

[5 <./pictures/messaufbau.jpg>]
Overfull \hbox (6.84813pt too wide) in paragraph at lines 156--157
\T1/lmr/m/n/10 tern sind die Ant-wort-zei-ten: 8 Se-kun-den für SHT75, 10 Se-ku
n-den für HTU21D,
 []

[6]
<pictures/HTU21D_50.png, id=89, 962.84718pt x 419.31656pt>
File: pictures/HTU21D_50.png Graphic file (type png)
<use pictures/HTU21D_50.png>
Package pdftex.def Info: pictures/HTU21D_50.png  used on input line 182.
(pdftex.def)             Requested size: 347.12354pt x 151.16498pt.


LaTeX Warning: `h' float specifier changed to `ht'.

<pictures/SHT31_50.png, id=91, 963.6pt x 419.31656pt>
File: pictures/SHT31_50.png Graphic file (type png)
<use pictures/SHT31_50.png>
Package pdftex.def Info: pictures/SHT31_50.png  used on input line 188.
(pdftex.def)             Requested size: 347.12354pt x 151.0498pt.

LaTeX Warning: `h' float specifier changed to `ht'.

<pictures/BME280_50.png, id=92, 963.6pt x 420.82219pt>
File: pictures/BME280_50.png Graphic file (type png)
<use pictures/BME280_50.png>
Package pdftex.def Info: pictures/BME280_50.png  used on input line 195.
(pdftex.def)             Requested size: 347.12354pt x 151.59218pt.

LaTeX Warning: `h' float specifier changed to `ht'.

<pictures/DHT22_50.png, id=93, 963.6pt x 418.56375pt>
File: pictures/DHT22_50.png Graphic file (type png)
<use pictures/DHT22_50.png>
Package pdftex.def Info: pictures/DHT22_50.png  used on input line 201.
(pdftex.def)             Requested size: 347.12354pt x 150.77863pt.

LaTeX Warning: `h' float specifier changed to `ht'.

[7] [8 <./pictures/HTU21D_50.png> <./pictures/SHT31_50.png>]
Underfull \vbox (badness 2435) has occurred while \output is active []

 [9 <./pictures/BME280_50.png> <./pictures/DHT22_50.png>]

LaTeX Warning: `!h' float specifier changed to `!ht'.


LaTeX Warning: `!h' float specifier changed to `!ht'.

[10]

LaTeX Warning: `h' float specifier changed to `ht'.


LaTeX Warning: `h' float specifier changed to `ht'.


Underfull \hbox (badness 10000) in paragraph at lines 364--368

 []


Underfull \hbox (badness 10000) in paragraph at lines 364--368

 []


Underfull \hbox (badness 10000) in paragraph at lines 364--368

 []

[11]
Underfull \hbox (badness 5189) in paragraph at lines 384--385
[]\T1/lmr/m/n/9 Population und Stich-pro-be, []$\T1/lmtt/m/n/9 http : / / www .
 mesosworld . ch / lerninhalte / Grund _
 []


Underfull \hbox (badness 10000) in paragraph at lines 387--388
[]\T1/lmr/m/n/9 Von der Stich-pro-be zur Grund-ge-samt-heit, []$\T1/lmtt/m/n/9 
http : / / www .
 []


Underfull \hbox (badness 10000) in paragraph at lines 387--388
\T1/lmtt/m/n/9 janteichmann . me / downloads / study _ material / statistik / 2
015 / 01 / 21 /
 []

[12]
Underfull \hbox (badness 10000) in paragraph at lines 394--395
[]\T1/lmr/m/n/9 Datenblatt Sen-sor SHT75, []$\T1/lmtt/m/n/9 http : / / www . mo
user . com / ds / 2 / 682 / Sensirion _
 []


Underfull \hbox (badness 10000) in paragraph at lines 397--398
[]\T1/lmr/m/n/9 Datenblatt Sen-sor HTU21D, []$\T1/lmtt/m/n/9 https : / / www . 
amsys . de / downloads / data /
 []


Underfull \hbox (badness 10000) in paragraph at lines 400--401
[]\T1/lmr/m/n/9 Datenblatt SHT31, []$\T1/lmtt/m/n/9 https : / / www . sensirion
 . com / fileadmin / user _ upload /
 []


Underfull \hbox (badness 10000) in paragraph at lines 400--401
\T1/lmtt/m/n/9 customers / sensirion / Dokumente / 0 _ Datasheets / Humidity / 
Sensirion _ Humidity _
 []


Underfull \hbox (badness 10000) in paragraph at lines 406--407
[]\T1/lmr/m/n/9 Datenblatt Sen-sor DHT22, []$\T1/lmtt/m/n/9 https : / / cdn-[]s
hop . adafruit . com / datasheets /
 []


Underfull \hbox (badness 10000) in paragraph at lines 412--413
[]\T1/lmr/m/n/9 Datenblatt SD-Speicherkartenmodul Pol-lin, []$\T1/lmtt/m/n/9 ht
tps : / / www . pollin . de /
 []

File: pictures/HTU21D_50.png Graphic file (type png)
<use pictures/HTU21D_50.png>
Package pdftex.def Info: pictures/HTU21D_50.png  used on input line 424.
(pdftex.def)             Requested size: 347.12354pt x 151.16498pt.
File: pictures/SHT31_50.png Graphic file (type png)
<use pictures/SHT31_50.png>
Package pdftex.def Info: pictures/SHT31_50.png  used on input line 430.
(pdftex.def)             Requested size: 347.12354pt x 151.0498pt.

LaTeX Warning: `h' float specifier changed to `ht'.

File: pictures/BME280_50.png Graphic file (type png)
<use pictures/BME280_50.png>
Package pdftex.def Info: pictures/BME280_50.png  used on input line 437.
(pdftex.def)             Requested size: 347.12354pt x 151.59218pt.

LaTeX Warning: `h' float specifier changed to `ht'.

File: pictures/DHT22_50.png Graphic file (type png)
<use pictures/DHT22_50.png>
Package pdftex.def Info: pictures/DHT22_50.png  used on input line 443.
(pdftex.def)             Requested size: 347.12354pt x 150.77863pt.

LaTeX Warning: `h' float specifier changed to `ht'.

<pictures/HTU21D_60.png, id=162, 963.6pt x 417.81094pt>
File: pictures/HTU21D_60.png Graphic file (type png)
<use pictures/HTU21D_60.png>
Package pdftex.def Info: pictures/HTU21D_60.png  used on input line 449.
(pdftex.def)             Requested size: 347.12354pt x 150.50745pt.

LaTeX Warning: `h' float specifier changed to `ht'.

<pictures/SHT31_60.png, id=163, 963.6pt x 418.56375pt>
File: pictures/SHT31_60.png Graphic file (type png)
<use pictures/SHT31_60.png>
Package pdftex.def Info: pictures/SHT31_60.png  used on input line 455.
(pdftex.def)             Requested size: 347.12354pt x 150.77863pt.

LaTeX Warning: `h' float specifier changed to `ht'.

<pictures/BME280_60.png, id=164, 963.6pt x 422.32782pt>
File: pictures/BME280_60.png Graphic file (type png)
<use pictures/BME280_60.png>
Package pdftex.def Info: pictures/BME280_60.png  used on input line 462.
(pdftex.def)             Requested size: 347.12354pt x 152.13455pt.

LaTeX Warning: `h' float specifier changed to `ht'.

<pictures/DHT22_60.png, id=165, 963.6pt x 419.31656pt>
File: pictures/DHT22_60.png Graphic file (type png)
<use pictures/DHT22_60.png>
Package pdftex.def Info: pictures/DHT22_60.png  used on input line 468.
(pdftex.def)             Requested size: 347.12354pt x 151.0498pt.

LaTeX Warning: `h' float specifier changed to `ht'.

<pictures/HTU21D_70.png, id=166, 962.84718pt x 418.56375pt>
File: pictures/HTU21D_70.png Graphic file (type png)
<use pictures/HTU21D_70.png>
Package pdftex.def Info: pictures/HTU21D_70.png  used on input line 474.
(pdftex.def)             Requested size: 347.12354pt x 150.89359pt.

LaTeX Warning: `h' float specifier changed to `ht'.

<pictures/SHT31_70.png, id=167, 963.6pt x 418.56375pt>
File: pictures/SHT31_70.png Graphic file (type png)
<use pictures/SHT31_70.png>
Package pdftex.def Info: pictures/SHT31_70.png  used on input line 480.
(pdftex.def)             Requested size: 347.12354pt x 150.77863pt.

LaTeX Warning: `h' float specifier changed to `ht'.

<pictures/BME280_70.png, id=168, 963.6pt x 420.82219pt>
File: pictures/BME280_70.png Graphic file (type png)
<use pictures/BME280_70.png>
Package pdftex.def Info: pictures/BME280_70.png  used on input line 487.
(pdftex.def)             Requested size: 347.12354pt x 151.59218pt.

LaTeX Warning: `h' float specifier changed to `ht'.

<pictures/DHT22_70.png, id=169, 962.84718pt x 418.56375pt>
File: pictures/DHT22_70.png Graphic file (type png)
<use pictures/DHT22_70.png>
Package pdftex.def Info: pictures/DHT22_70.png  used on input line 493.
(pdftex.def)             Requested size: 347.12354pt x 150.89359pt.

LaTeX Warning: `h' float specifier changed to `ht'.

<pictures/HTU21D_80.png, id=170, 963.6pt x 418.56375pt>
File: pictures/HTU21D_80.png Graphic file (type png)
<use pictures/HTU21D_80.png>
Package pdftex.def Info: pictures/HTU21D_80.png  used on input line 499.
(pdftex.def)             Requested size: 347.12354pt x 150.77863pt.

LaTeX Warning: `h' float specifier changed to `ht'.

<pictures/SHT31_80.png, id=171, 963.6pt x 418.56375pt>
File: pictures/SHT31_80.png Graphic file (type png)
<use pictures/SHT31_80.png>
Package pdftex.def Info: pictures/SHT31_80.png  used on input line 505.
(pdftex.def)             Requested size: 347.12354pt x 150.77863pt.

LaTeX Warning: `h' float specifier changed to `ht'.

<pictures/BME280_80.png, id=172, 963.6pt x 423.08063pt>
File: pictures/BME280_80.png Graphic file (type png)
<use pictures/BME280_80.png>
Package pdftex.def Info: pictures/BME280_80.png  used on input line 512.
(pdftex.def)             Requested size: 347.12354pt x 152.40573pt.

LaTeX Warning: `h' float specifier changed to `ht'.

<pictures/DHT22_80.png, id=173, 962.09438pt x 418.56375pt>
File: pictures/DHT22_80.png Graphic file (type png)
<use pictures/DHT22_80.png>
Package pdftex.def Info: pictures/DHT22_80.png  used on input line 518.
(pdftex.def)             Requested size: 347.12354pt x 151.02132pt.

LaTeX Warning: `h' float specifier changed to `ht'.

[13] [14] [15 <./pictures/HTU21D_60.png> <./pictures/SHT31_60.png> <./pictures/
BME280_60.png>] [16 <./pictures/DHT22_60.png> <./pictures/HTU21D_70.png> <./pic
tures/SHT31_70.png>] [17 <./pictures/BME280_70.png> <./pictures/DHT22_70.png> <
./pictures/HTU21D_80.png>] [18 <./pictures/SHT31_80.png> <./pictures/BME280_80.
png> <./pictures/DHT22_80.png>] [19

]
Overfull \hbox (54.88055pt too wide) in paragraph at lines 582--583
[][][][][][][][][][][][][][][][][][][][][][] 
 []


Overfull \hbox (54.88055pt too wide) in paragraph at lines 586--587
[][][][][][][][][][][][][][][][][][][][][][] 
 []


Overfull \hbox (54.88055pt too wide) in paragraph at lines 590--591
[][][][][][][][][][][][][][][][][][][][][][] 
 []


Overfull \hbox (60.88062pt too wide) in paragraph at lines 594--595
[][][][][][][][][][][][][][][][][][][][][][] 
 []


Overfull \hbox (60.88062pt too wide) in paragraph at lines 598--599
[][][][][][][][][][][][][][][][][][][][][][] 
 []


Overfull \hbox (66.88068pt too wide) in paragraph at lines 610--611
[][][][][][][][][][][][][][][][][][] 
 []


Underfull \vbox (badness 10000) has occurred while \output is active []

 [20]
Overfull \hbox (78.8808pt too wide) in paragraph at lines 636--637
[][][][][][][][][][][][][][][][][][][][][][][][][] 
 []


Overfull \hbox (48.8805pt too wide) in paragraph at lines 637--638
[][][][][][][][][][][][][][][][][][][][][][][][][] 
 []


Overfull \hbox (66.88068pt too wide) in paragraph at lines 638--640
[][][][][][][][][][][][][][][][][][][][][][][][][] 
 []


Overfull \hbox (90.88092pt too wide) in paragraph at lines 640--641
[][][][][][][][][][][][][][][][][][][][][][][][][] 
 []


Overfull \hbox (48.8805pt too wide) in paragraph at lines 641--642
[][][][][][][][][][][][][][][][][][][][][][][][][] 
 []


Overfull \hbox (66.88068pt too wide) in paragraph at lines 642--644
[][][][][][][][][][][][][][][][][][][][][][][][][] 
 []


Overfull \hbox (78.8808pt too wide) in paragraph at lines 644--645
[][][][][][][][][][][][][][][][][][][][][][][][][] 
 []


Overfull \hbox (48.8805pt too wide) in paragraph at lines 645--646
[][][][][][][][][][][][][][][][][][][][][][][][][] 
 []


Overfull \hbox (66.88068pt too wide) in paragraph at lines 646--648
[][][][][][][][][][][][][][][][][][][][][][][][][] 
 []


Overfull \hbox (84.88086pt too wide) in paragraph at lines 648--649
[][][][][][][][][][][][][][][][][][][][][][][][][] 
 []


Overfull \hbox (54.88055pt too wide) in paragraph at lines 649--650
[][][][][][][][][][][][][][][][][][][][][][][][][] 
 []


Overfull \hbox (72.88074pt too wide) in paragraph at lines 650--652
[][][][][][][][][][][][][][][][][][][][][][][][][] 
 []


Overfull \hbox (84.88086pt too wide) in paragraph at lines 652--653
[][][][][][][][][][][][][][][][][][][][][][][][][] 
 []


Overfull \hbox (54.88055pt too wide) in paragraph at lines 653--654
[][][][][][][][][][][][][][][][][][][][][][][][][] 
 []


Overfull \hbox (72.88074pt too wide) in paragraph at lines 654--655
[][][][][][][][][][][][][][][][][][][][][][][][][] 
 []


Overfull \hbox (24.88025pt too wide) in paragraph at lines 662--663
[][][][][][][][][][][][][][][][][][][][] 
 []


Underfull \vbox (badness 10000) has occurred while \output is active []

 [21]
Overfull \hbox (30.88031pt too wide) in paragraph at lines 672--673
[][][][][][][][][][][][][][][][][][][][][][][][] 
 []


Overfull \hbox (0.88pt too wide) in paragraph at lines 673--674
[][][][][][][][][][][][][][][][][][] 
 []


Overfull \hbox (0.88pt too wide) in paragraph at lines 675--676
[][][][][][][][][][][][][][][][][][] 
 []


Overfull \hbox (36.88037pt too wide) in paragraph at lines 676--677
[][][][][][][][][][][][][][][][][][][][][][][][] 
 []


Overfull \hbox (0.88pt too wide) in paragraph at lines 695--696
[][][][][][][][][][][][][][][][][][][][][][][][] 
 []


Overfull \hbox (0.88pt too wide) in paragraph at lines 706--707
[][][][][][][][][][][][][][][][][][][][][][] 
 []


Underfull \vbox (badness 10000) has occurred while \output is active []

 [22]
Overfull \hbox (36.88037pt too wide) in paragraph at lines 718--719
[][][][][][][][][][][][] 
 []


Overfull \hbox (12.88013pt too wide) in paragraph at lines 723--724
[][][][][][][][][][][][][][][][][][][][][][] 
 []


Underfull \vbox (badness 10000) has occurred while \output is active []

 [23]
Overfull \hbox (96.88098pt too wide) in paragraph at lines 772--773
[][][][][][][][][][][][][][][][][][][][][][][][][][][][][][][][][] 
 []


Overfull \hbox (84.88086pt too wide) in paragraph at lines 773--774
[][][][][][][][][][][][][][][][][][][][][][][][][][][][][][][][][] 
 []

Package atveryend Info: Empty hook `BeforeClearDocument' on input line 796.
[24]
Package atveryend Info: Empty hook `AfterLastShipout' on input line 796.
 (VergleichVonFeuchtesensorenVersion3.aux)
Package atveryend Info: Executing hook `AtVeryEndDocument' on input line 796.
Package atveryend Info: Executing hook `AtEndAfterFileList' on input line 796.
Package rerunfilecheck Info: File `VergleichVonFeuchtesensorenVersion3.out' has
 not changed.
(rerunfilecheck)             Checksum: 5727004447C631ADA58B6C4BA4FA6FE6;128.


LaTeX Warning: There were multiply-defined labels.

Package atveryend Info: Empty hook `AtVeryVeryEnd' on input line 796.
 ) 
Here is how much of TeX's memory you used:
 9910 strings out of 492891
 144211 string characters out of 3123562
 450563 words of memory out of 3000000
 13274 multiletter control sequences out of 15000+200000
 63349 words of font info for 57 fonts, out of 3000000 for 9000
 1141 hyphenation exceptions out of 8191
 29i,10n,51p,1317b,1832s stack positions out of 5000i,500n,10000p,200000b,50000s
{C:/Users/ilia0/AppData/Local/Programs/MiKTeX 2.9/fonts/enc/dvips/lm/lm-ts1.e
nc}{C:/Users/ilia0/AppData/Local/Programs/MiKTeX 2.9/fonts/enc/dvips/lm/lm-math
it.enc}{C:/Users/ilia0/AppData/Local/Programs/MiKTeX 2.9/fonts/enc/dvips/lm/lm-
mathex.enc}{C:/Users/ilia0/AppData/Local/Programs/MiKTeX 2.9/fonts/enc/dvips/lm
/lm-rm.enc}{C:/Users/ilia0/AppData/Local/Programs/MiKTeX 2.9/fonts/enc/dvips/lm
/lm-ec.enc}{C:/Users/ilia0/AppData/Local/Programs/MiKTeX 2.9/fonts/enc/dvips/lm
/lm-mathsy.enc}<C:/Users/ilia0/AppData/Local/Programs/MiKTeX 2.9/fonts/type1/pu
blic/lm/lmbx10.pfb><C:/Users/ilia0/AppData/Local/Programs/MiKTeX 2.9/fonts/type
1/public/lm/lmbx12.pfb><C:/Users/ilia0/AppData/Local/Programs/MiKTeX 2.9/fonts/
type1/public/lm/lmbx9.pfb><C:/Users/ilia0/AppData/Local/Programs/MiKTeX 2.9/fon
ts/type1/public/lm/lmex10.pfb><C:/Users/ilia0/AppData/Local/Programs/MiKTeX 2.9
/fonts/type1/public/lm/lmmi10.pfb><C:/Users/ilia0/AppData/Local/Programs/MiKTeX
 2.9/fonts/type1/public/lm/lmmi7.pfb><C:/Users/ilia0/AppData/Local/Programs/MiK
TeX 2.9/fonts/type1/public/lm/lmr10.pfb><C:/Users/ilia0/AppData/Local/Programs/
MiKTeX 2.9/fonts/type1/public/lm/lmr6.pfb><C:/Users/ilia0/AppData/Local/Program
s/MiKTeX 2.9/fonts/type1/public/lm/lmr7.pfb><C:/Users/ilia0/AppData/Local/Progr
ams/MiKTeX 2.9/fonts/type1/public/lm/lmr9.pfb><C:/Users/ilia0/AppData/Local/Pro
grams/MiKTeX 2.9/fonts/type1/public/lm/lmri10.pfb><C:/Users/ilia0/AppData/Local
/Programs/MiKTeX 2.9/fonts/type1/public/lm/lmsy10.pfb><C:/Users/ilia0/AppData/L
ocal/Programs/MiKTeX 2.9/fonts/type1/public/lm/lmsy7.pfb><C:/Users/ilia0/AppDat
a/Local/Programs/MiKTeX 2.9/fonts/type1/public/lm/lmtt9.pfb>
Output written on VergleichVonFeuchtesensorenVersion3.pdf (24 pages, 1176267 by
tes).
PDF statistics:
 678 PDF objects out of 1000 (max. 8388607)
 382 named destinations out of 1000 (max. 500000)
 99 words of extra memory for PDF output out of 10000 (max. 10000000)

